File created on 19/06/2023 at 01:47:14.434

[19/06/2023 - 01:47:14.445 LOG] (<root>TheRickrollEncyclopedia\index.js:6:8): Starting...
[19/06/2023 - 01:48:00.436 LOG] (<root>TheRickrollEncyclopedia\index.js:6:8): Starting...
[19/06/2023 - 01:48:07.250 LOG] (<root>TheRickrollEncyclopedia\index.js:6:8): Starting...
[19/06/2023 - 01:54:11.093 LOG] (<root>TheRickrollEncyclopedia\index.js:6:8): Starting...
[19/06/2023 - 01:56:43.179 LOG] (<root>TheRickrollEncyclopedia\index.js:6:8): Starting...
[19/06/2023 - 01:56:53.683 LOG] (<root>TheRickrollEncyclopedia\index.js:6:8): Starting...
[19/06/2023 - 02:01:14.004 LOG] (<root>TheRickrollEncyclopedia\index.js:6:8): Starting...
[19/06/2023 - 02:19:34.724 LOG] (<root>TheRickrollEncyclopedia\index.js:6:8): Starting...
[19/06/2023 - 02:19:57.212 LOG] (<root>TheRickrollEncyclopedia\index.js:6:8): Starting...
[19/06/2023 - 02:20:08.967 LOG] (<root>TheRickrollEncyclopedia\index.js:6:8): Starting...
[19/06/2023 - 02:21:06.076 LOG] (<root>TheRickrollEncyclopedia\index.js:6:8): Starting...
[19/06/2023 - 02:21:33.739 LOG] (<root>TheRickrollEncyclopedia\index.js:6:8): Starting...
[19/06/2023 - 02:24:48.694 LOG] (<root>TheRickrollEncyclopedia\index.js:6:8): Starting...
[19/06/2023 - 02:25:15.796 LOG] (<root>TheRickrollEncyclopedia\index.js:6:8): Starting...
[19/06/2023 - 02:28:00.217 LOG] (<root>TheRickrollEncyclopedia\index.js:6:8): Starting...
[19/06/2023 - 02:28:46.048 LOG] (<root>TheRickrollEncyclopedia\index.js:6:8): Starting...
[19/06/2023 - 02:43:55.357 LOG] (<root>TheRickrollEncyclopedia\index.js:8:8): Starting...
[19/06/2023 - 02:44:13.715 LOG] (<root>TheRickrollEncyclopedia\index.js:8:8): Starting...
[19/06/2023 - 02:45:17.369 LOG] (<root>TheRickrollEncyclopedia\index.js:8:8): Starting...
[19/06/2023 - 02:45:17.623 INFO] (<root>TheRickrollEncyclopedia\index.js:16:8): Tentative de connection à MongoDB...
[19/06/2023 - 02:47:03.881 LOG] (<root>TheRickrollEncyclopedia\index.js:8:8): Starting...
[19/06/2023 - 02:47:04.153 INFO] (<root>TheRickrollEncyclopedia\index.js:17:8): Tentative de connection à MongoDB...
[19/06/2023 - 02:47:42.010 LOG] (<root>TheRickrollEncyclopedia\index.js:8:8): Starting...
[19/06/2023 - 02:47:42.265 INFO] (<root>TheRickrollEncyclopedia\index.js:16:8): Tentative de connection à MongoDB...
[19/06/2023 - 02:49:42.653 LOG] (<root>TheRickrollEncyclopedia\index.js:8:8): Starting...
[19/06/2023 - 02:49:42.809 INFO] (<root>TheRickrollEncyclopedia\index.js:16:8): Tentative de connection à MongoDB...
[19/06/2023 - 02:49:46.697 LOG] (<root>TheRickrollEncyclopedia\index.js:8:8): Starting...
[19/06/2023 - 02:49:46.835 INFO] (<root>TheRickrollEncyclopedia\index.js:16:8): Tentative de connection à MongoDB...
[19/06/2023 - 02:50:04.944 LOG] (<root>TheRickrollEncyclopedia\index.js:8:8): Starting...
[19/06/2023 - 02:50:05.313 INFO] (<root>TheRickrollEncyclopedia\index.js:16:8): Tentative de connection à MongoDB...
[19/06/2023 - 02:50:06.086 INFO] (<root>TheRickrollEncyclopedia\index.js:21:12):   Mongo instance connected.
[19/06/2023 - 02:50:06.087 LOG] (<root>TheRickrollEncyclopedia\index.js:27:8): Starting _allCode().
[19/06/2023 - 02:50:06.340 LOG] (<root>TheRickrollEncyclopedia\index.js:31:8): Server started.
[19/06/2023 - 02:50:51.434 LOG] (<root>TheRickrollEncyclopedia\index.js:8:8): Starting...
[19/06/2023 - 02:50:51.682 INFO] (<root>TheRickrollEncyclopedia\index.js:16:8): Tentative de connection à MongoDB...
[19/06/2023 - 02:50:52.757 INFO] (<root>TheRickrollEncyclopedia\index.js:21:12):   Mongo instance connected.
[19/06/2023 - 02:50:52.758 LOG] (<root>TheRickrollEncyclopedia\index.js:27:8): Starting _allCode().
[19/06/2023 - 02:50:53.052 LOG] (<root>TheRickrollEncyclopedia\index.js:31:8): Server started.
[19/06/2023 - 02:51:12.309 LOG] (<root>TheRickrollEncyclopedia\index.js:8:8): Starting...
[19/06/2023 - 02:51:12.542 INFO] (<root>TheRickrollEncyclopedia\index.js:16:8): Tentative de connection à MongoDB...
[19/06/2023 - 02:51:36.886 LOG] (<root>TheRickrollEncyclopedia\index.js:8:8): Starting...
[19/06/2023 - 02:51:37.235 INFO] (<root>TheRickrollEncyclopedia\index.js:16:8): Tentative de connection à MongoDB...
[19/06/2023 - 02:51:38.361 INFO] (<root>TheRickrollEncyclopedia\index.js:21:12):   Mongo instance connected.
[19/06/2023 - 02:51:38.362 LOG] (<root>TheRickrollEncyclopedia\index.js:27:8): Starting _allCode().
[19/06/2023 - 02:51:38.632 LOG] (<root>TheRickrollEncyclopedia\index.js:31:8): Server started.
